Build started 3/19/2018 8:31:22 AM.
     1>Project "E:\Project\Demo\HandDetection\HandDetection.vcxproj" on node 2 (Build target(s)).
     1>ClCompile:
         C:\Program Files (x86)\Microsoft Visual Studio 12.0\VC\bin\CL.exe /c /IE:\Project\Demo\HandDetection\\Lib\opencv\include /ZI /nologo /W3 /WX- /sdl /Od /Oy- /D WIN32 /D _DEBUG /D _CONSOLE /D _LIB /D _UNICODE /D UNICODE /Gm /EHsc /RTC1 /MDd /GS /fp:precise /Zc:wchar_t /Zc:forScope /Fo"Debug\\" /Fd"Debug\vc120.pdb" /Gd /TP /analyze- /errorReport:prompt shape.cpp
         shape.cpp
     1>e:\project\demo\handdetection\shape.cpp(29): warning C4244: 'argument' : conversion from 'double' to 'int', possible loss of data
     1>e:\project\demo\handdetection\shape.cpp(31): warning C4018: '<' : signed/unsigned mismatch
     1>e:\project\demo\handdetection\shape.cpp(40): warning C4244: 'argument' : conversion from 'double' to 'int', possible loss of data
     1>e:\project\demo\handdetection\shape.cpp(41): warning C4018: '<' : signed/unsigned mismatch
     1>e:\project\demo\handdetection\shape.cpp(100): warning C4244: 'argument' : conversion from 'double' to 'int', possible loss of data
     1>e:\project\demo\handdetection\shape.cpp(103): warning C4244: 'argument' : conversion from 'double' to 'int', possible loss of data
       Link:
         C:\Program Files (x86)\Microsoft Visual Studio 12.0\VC\bin\link.exe /ERRORREPORT:PROMPT /OUT:"E:\Project\Demo\Debug\HandDetection.exe" /INCREMENTAL /NOLOGO /LIBPATH:E:\Project\Demo\HandDetection\\Lib\opencv\lib opencv_ts300d.lib opencv_world300d.lib kernel32.lib user32.lib gdi32.lib winspool.lib comdlg32.lib advapi32.lib shell32.lib ole32.lib oleaut32.lib uuid.lib odbc32.lib odbccp32.lib /MANIFEST /MANIFESTUAC:"level='asInvoker' uiAccess='false'" /manifest:embed /DEBUG /PDB:"E:\Project\Demo\Debug\HandDetection.pdb" /SUBSYSTEM:CONSOLE /TLBID:1 /DYNAMICBASE /NXCOMPAT /IMPLIB:"E:\Project\Demo\Debug\HandDetection.lib" /MACHINE:X86 Debug\handGesture.obj
         Debug\main.obj
         Debug\myImage.obj
         Debug\roi.obj
         Debug\shape.obj
         HandDetection.vcxproj -> E:\Project\Demo\Debug\HandDetection.exe
     1>Done Building Project "E:\Project\Demo\HandDetection\HandDetection.vcxproj" (Build target(s)).

Build succeeded.

Time Elapsed 00:00:02.25
